<?xml version="1.0" encoding="UTF-8" ?>
<testsuite tests="6" failures="0" name="com.homework.four.EditTableTest" time="0.093" errors="0" skipped="0">
  <properties>
[...]
</properties>
  <testcase classname="com.homework.four.EditTableTest" name="testAddKeyandNull" time="0.08"/>
  <testcase classname="com.homework.four.EditTableTest" name="testAddNullandVal" time="0.002"/>
  <testcase classname="com.homework.four.EditTableTest" name="testChangeNulltoKey" time="0.006"/>
  <testcase classname="com.homework.four.EditTableTest" name="testChangeNulltoVal" time="0.001"/>
  <testcase classname="com.homework.four.EditTableTest" name="testChangeKey" time="0.002"/>
  <testcase classname="com.homework.four.EditTableTest" name="testChangeVal" time="0.002"/>
</testsuite>