<?xml version="1.0" encoding="UTF-8" standalone="yes"?><!DOCTYPE report PUBLIC "-//JACOCO//DTD Report 1.1//EN" "report.dtd"><report name="service"><sessioninfo id="DESKTOP-UIHVID7-4085021c" start="1655958952276" dump="1655958957223"/><package name="com/homework/four"><class name="com/homework/four/SortTable" sourcefilename="SortTable.java"><method name="&lt;init&gt;" desc="()V" line="7"><counter type="INSTRUCTION" missed="0" covered="3"/><counter type="LINE" missed="0" covered="1"/><counter type="COMPLEXITY" missed="0" covered="1"/><counter type="METHOD" missed="0" covered="1"/></method><method name="ascendingSort" desc="([[Ljava/lang/String;)[[Ljava/lang/String;" line="11"><counter type="INSTRUCTION" missed="0" covered="17"/><counter type="BRANCH" missed="0" covered="2"/><counter type="LINE" missed="0" covered="3"/><counter type="COMPLEXITY" missed="0" covered="2"/><counter type="METHOD" missed="0" covered="1"/></method><method name="descendingSort" desc="([[Ljava/lang/String;)[[Ljava/lang/String;" line="20"><counter type="INSTRUCTION" missed="0" covered="18"/><counter type="BRANCH" missed="0" covered="2"/><counter type="LINE" missed="0" covered="3"/><counter type="COMPLEXITY" missed="0" covered="2"/><counter type="METHOD" missed="0" covered="1"/></method><counter type="INSTRUCTION" missed="0" covered="38"/><counter type="BRANCH" missed="0" covered="4"/><counter type="LINE" missed="0" covered="7"/><counter type="COMPLEXITY" missed="0" covered="5"/><counter type="METHOD" missed="0" covered="3"/><counter type="CLASS" missed="0" covered="1"/></class><class name="com/homework/four/CreateTable" sourcefilename="CreateTable.java"><method name="&lt;init&gt;" desc="()V" line="7"><counter type="INSTRUCTION" missed="0" covered="3"/><counter type="LINE" missed="0" covered="1"/><counter type="COMPLEXITY" missed="0" covered="1"/><counter type="METHOD" missed="0" covered="1"/></method><method name="stringTable" desc="([[Ljava/lang/String;)[[Ljava/lang/String;" line="13"><counter type="INSTRUCTION" missed="0" covered="90"/><counter type="BRANCH" missed="0" covered="6"/><counter type="LINE" missed="0" covered="16"/><counter type="COMPLEXITY" missed="0" covered="4"/><counter type="METHOD" missed="0" covered="1"/></method><method name="addColumn" desc="([[Ljava/lang/String;ILjava/lang/String;Ljava/lang/String;[Ljava/lang/String;[Ljava/lang/String;)[[Ljava/lang/String;" line="42"><counter type="INSTRUCTION" missed="0" covered="71"/><counter type="BRANCH" missed="0" covered="4"/><counter type="LINE" missed="0" covered="12"/><counter type="COMPLEXITY" missed="0" covered="3"/><counter type="METHOD" missed="0" covered="1"/></method><counter type="INSTRUCTION" missed="0" covered="164"/><counter type="BRANCH" missed="0" covered="10"/><counter type="LINE" missed="0" covered="29"/><counter type="COMPLEXITY" missed="0" covered="8"/><counter type="METHOD" missed="0" covered="3"/><counter type="CLASS" missed="0" covered="1"/></class><class name="com/homework/four/EditTable" sourcefilename="EditTable.java"><method name="&lt;init&gt;" desc="()V" line="5"><counter type="INSTRUCTION" missed="0" covered="3"/><counter type="LINE" missed="0" covered="1"/><counter type="COMPLEXITY" missed="0" covered="1"/><counter type="METHOD" missed="0" covered="1"/></method><method name="changeValues" desc="([[Ljava/lang/String;IILjava/lang/String;Ljava/lang/String;)[[Ljava/lang/String;" line="9"><counter type="INSTRUCTION" missed="0" covered="164"/><counter type="BRANCH" missed="0" covered="8"/><counter type="LINE" missed="0" covered="21"/><counter type="COMPLEXITY" missed="0" covered="5"/><counter type="METHOD" missed="0" covered="1"/></method><counter type="INSTRUCTION" missed="0" covered="167"/><counter type="BRANCH" missed="0" covered="8"/><counter type="LINE" missed="0" covered="22"/><counter type="COMPLEXITY" missed="0" covered="6"/><counter type="METHOD" missed="0" covered="2"/><counter type="CLASS" missed="0" covered="1"/></class><class name="com/homework/four/SearchTable" sourcefilename="SearchTable.java"><method name="&lt;init&gt;" desc="()V" line="5"><counter type="INSTRUCTION" missed="0" covered="3"/><counter type="LINE" missed="0" covered="1"/><counter type="COMPLEXITY" missed="0" covered="1"/><counter type="METHOD" missed="0" covered="1"/></method><method name="searchOccurenceandIndex" desc="([[Ljava/lang/String;Ljava/lang/String;)Ljava/lang/String;" line="9"><counter type="INSTRUCTION" missed="0" covered="253"/><counter type="BRANCH" missed="0" covered="26"/><counter type="LINE" missed="0" covered="30"/><counter type="COMPLEXITY" missed="0" covered="14"/><counter type="METHOD" missed="0" covered="1"/></method><counter type="INSTRUCTION" missed="0" covered="256"/><counter type="BRANCH" missed="0" covered="26"/><counter type="LINE" missed="0" covered="31"/><counter type="COMPLEXITY" missed="0" covered="15"/><counter type="METHOD" missed="0" covered="2"/><counter type="CLASS" missed="0" covered="1"/></class><class name="com/homework/four/ReadFile" sourcefilename="ReadFile.java"><method name="&lt;init&gt;" desc="()V" line="8"><counter type="INSTRUCTION" missed="0" covered="3"/><counter type="LINE" missed="0" covered="1"/><counter type="COMPLEXITY" missed="0" covered="1"/><counter type="METHOD" missed="0" covered="1"/></method><method name="openFile" desc="(Ljava/lang/String;)[[Ljava/lang/String;" line="12"><counter type="INSTRUCTION" missed="0" covered="105"/><counter type="BRANCH" missed="0" covered="14"/><counter type="LINE" missed="0" covered="25"/><counter type="COMPLEXITY" missed="0" covered="8"/><counter type="METHOD" missed="0" covered="1"/></method><counter type="INSTRUCTION" missed="0" covered="108"/><counter type="BRANCH" missed="0" covered="14"/><counter type="LINE" missed="0" covered="26"/><counter type="COMPLEXITY" missed="0" covered="9"/><counter type="METHOD" missed="0" covered="2"/><counter type="CLASS" missed="0" covered="1"/></class><class name="com/homework/four/WriteFile" sourcefilename="WriteFile.java"><method name="&lt;init&gt;" desc="()V" line="7"><counter type="INSTRUCTION" missed="0" covered="3"/><counter type="LINE" missed="0" covered="1"/><counter type="COMPLEXITY" missed="0" covered="1"/><counter type="METHOD" missed="0" covered="1"/></method><method name="saveFile" desc="([[Ljava/lang/String;Ljava/lang/String;Ljava/lang/String;)Z" line="11"><counter type="INSTRUCTION" missed="0" covered="122"/><counter type="BRANCH" missed="0" covered="12"/><counter type="LINE" missed="0" covered="22"/><counter type="COMPLEXITY" missed="0" covered="7"/><counter type="METHOD" missed="0" covered="1"/></method><counter type="INSTRUCTION" missed="0" covered="125"/><counter type="BRANCH" missed="0" covered="12"/><counter type="LINE" missed="0" covered="23"/><counter type="COMPLEXITY" missed="0" covered="8"/><counter type="METHOD" missed="0" covered="2"/><counter type="CLASS" missed="0" covered="1"/></class><sourcefile name="CreateTable.java"><line nr="7" mi="0" ci="3" mb="0" cb="0"/><line nr="13" mi="0" ci="3" mb="0" cb="0"/><line nr="14" mi="0" ci="5" mb="0" cb="0"/><line nr="15" mi="0" ci="4" mb="0" cb="0"/><line nr="17" mi="0" ci="4" mb="0" cb="0"/><line nr="18" mi="0" ci="2" mb="0" cb="0"/><line nr="20" mi="0" ci="3" mb="0" cb="0"/><line nr="21" mi="0" ci="3" mb="0" cb="0"/><line nr="23" mi="0" ci="7" mb="0" cb="2"/><line nr="24" mi="0" ci="9" mb="0" cb="0"/><line nr="25" mi="0" ci="7" mb="0" cb="0"/><line nr="26" mi="0" ci="7" mb="0" cb="0"/><line nr="29" mi="0" ci="7" mb="0" cb="2"/><line nr="30" mi="0" ci="7" mb="0" cb="2"/><line nr="31" mi="0" ci="19" mb="0" cb="0"/><line nr="32" mi="0" ci="1" mb="0" cb="0"/><line nr="36" mi="0" ci="2" mb="0" cb="0"/><line nr="42" mi="0" ci="3" mb="0" cb="0"/><line nr="43" mi="0" ci="5" mb="0" cb="0"/><line nr="46" mi="0" ci="4" mb="0" cb="0"/><line nr="47" mi="0" ci="4" mb="0" cb="0"/><line nr="49" mi="0" ci="7" mb="0" cb="2"/><line nr="50" mi="0" ci="7" mb="0" cb="2"/><line nr="51" mi="0" ci="6" mb="0" cb="0"/><line nr="52" mi="0" ci="6" mb="0" cb="0"/><line nr="56" mi="0" ci="4" mb="0" cb="0"/><line nr="57" mi="0" ci="4" mb="0" cb="0"/><line nr="59" mi="0" ci="19" mb="0" cb="0"/><line nr="61" mi="0" ci="2" mb="0" cb="0"/><counter type="INSTRUCTION" missed="0" covered="164"/><counter type="BRANCH" missed="0" covered="10"/><counter type="LINE" missed="0" covered="29"/><counter type="COMPLEXITY" missed="0" covered="8"/><counter type="METHOD" missed="0" covered="3"/><counter type="CLASS" missed="0" covered="1"/></sourcefile><sourcefile name="EditTable.java"><line nr="5" mi="0" ci="3" mb="0" cb="0"/><line nr="9" mi="0" ci="4" mb="0" cb="2"/><line nr="11" mi="0" ci="8" mb="0" cb="2"/><line nr="12" mi="0" ci="16" mb="0" cb="0"/><line nr="13" mi="0" ci="6" mb="0" cb="0"/><line nr="14" mi="0" ci="1" mb="0" cb="0"/><line nr="15" mi="0" ci="23" mb="0" cb="0"/><line nr="16" mi="0" ci="6" mb="0" cb="0"/><line nr="18" mi="0" ci="1" mb="0" cb="0"/><line nr="19" mi="0" ci="15" mb="0" cb="0"/><line nr="20" mi="0" ci="1" mb="0" cb="0"/><line nr="23" mi="0" ci="4" mb="0" cb="2"/><line nr="25" mi="0" ci="8" mb="0" cb="2"/><line nr="26" mi="0" ci="16" mb="0" cb="0"/><line nr="27" mi="0" ci="6" mb="0" cb="0"/><line nr="28" mi="0" ci="1" mb="0" cb="0"/><line nr="29" mi="0" ci="23" mb="0" cb="0"/><line nr="30" mi="0" ci="6" mb="0" cb="0"/><line nr="32" mi="0" ci="1" mb="0" cb="0"/><line nr="33" mi="0" ci="15" mb="0" cb="0"/><line nr="34" mi="0" ci="1" mb="0" cb="0"/><line nr="37" mi="0" ci="2" mb="0" cb="0"/><counter type="INSTRUCTION" missed="0" covered="167"/><counter type="BRANCH" missed="0" covered="8"/><counter type="LINE" missed="0" covered="22"/><counter type="COMPLEXITY" missed="0" covered="6"/><counter type="METHOD" missed="0" covered="2"/><counter type="CLASS" missed="0" covered="1"/></sourcefile><sourcefile name="ReadFile.java"><line nr="8" mi="0" ci="3" mb="0" cb="0"/><line nr="12" mi="0" ci="5" mb="0" cb="0"/><line nr="14" mi="0" ci="2" mb="0" cb="0"/><line nr="15" mi="0" ci="2" mb="0" cb="0"/><line nr="21" mi="0" ci="5" mb="0" cb="0"/><line nr="22" mi="0" ci="3" mb="0" cb="2"/><line nr="23" mi="0" ci="3" mb="0" cb="0"/><line nr="24" mi="0" ci="2" mb="0" cb="0"/><line nr="27" mi="0" ci="5" mb="0" cb="0"/><line nr="28" mi="0" ci="3" mb="0" cb="2"/><line nr="29" mi="0" ci="3" mb="0" cb="0"/><line nr="30" mi="0" ci="2" mb="0" cb="0"/><line nr="34" mi="0" ci="2" mb="0" cb="2"/><line nr="35" mi="0" ci="5" mb="0" cb="0"/><line nr="37" mi="0" ci="2" mb="0" cb="0"/><line nr="38" mi="0" ci="4" mb="0" cb="0"/><line nr="39" mi="0" ci="4" mb="0" cb="0"/><line nr="41" mi="0" ci="5" mb="0" cb="0"/><line nr="42" mi="0" ci="3" mb="0" cb="2"/><line nr="43" mi="0" ci="8" mb="0" cb="2"/><line nr="44" mi="0" ci="6" mb="0" cb="0"/><line nr="45" mi="0" ci="7" mb="0" cb="2"/><line nr="46" mi="0" ci="7" mb="0" cb="2"/><line nr="47" mi="0" ci="7" mb="0" cb="0"/><line nr="49" mi="0" ci="8" mb="0" cb="0"/><line nr="57" mi="0" ci="2" mb="0" cb="0"/><counter type="INSTRUCTION" missed="0" covered="108"/><counter type="BRANCH" missed="0" covered="14"/><counter type="LINE" missed="0" covered="26"/><counter type="COMPLEXITY" missed="0" covered="9"/><counter type="METHOD" missed="0" covered="2"/><counter type="CLASS" missed="0" covered="1"/></sourcefile><sourcefile name="SortTable.java"><line nr="7" mi="0" ci="3" mb="0" cb="0"/><line nr="11" mi="0" ci="8" mb="0" cb="2"/><line nr="12" mi="0" ci="7" mb="0" cb="0"/><line nr="15" mi="0" ci="2" mb="0" cb="0"/><line nr="20" mi="0" ci="8" mb="0" cb="2"/><line nr="21" mi="0" ci="8" mb="0" cb="0"/><line nr="24" mi="0" ci="2" mb="0" cb="0"/><counter type="INSTRUCTION" missed="0" covered="38"/><counter type="BRANCH" missed="0" covered="4"/><counter type="LINE" missed="0" covered="7"/><counter type="COMPLEXITY" missed="0" covered="5"/><counter type="METHOD" missed="0" covered="3"/><counter type="CLASS" missed="0" covered="1"/></sourcefile><sourcefile name="WriteFile.java"><line nr="7" mi="0" ci="3" mb="0" cb="0"/><line nr="11" mi="0" ci="2" mb="0" cb="0"/><line nr="13" mi="0" ci="3" mb="0" cb="0"/><line nr="14" mi="0" ci="5" mb="0" cb="0"/><line nr="17" mi="0" ci="4" mb="0" cb="0"/><line nr="18" mi="0" ci="11" mb="0" cb="0"/><line nr="20" mi="0" ci="7" mb="0" cb="2"/><line nr="21" mi="0" ci="7" mb="0" cb="2"/><line nr="22" mi="0" ci="6" mb="0" cb="0"/><line nr="23" mi="0" ci="6" mb="0" cb="0"/><line nr="28" mi="0" ci="5" mb="0" cb="0"/><line nr="29" mi="0" ci="7" mb="0" cb="2"/><line nr="30" mi="0" ci="7" mb="0" cb="2"/><line nr="31" mi="0" ci="12" mb="0" cb="2"/><line nr="32" mi="0" ci="5" mb="0" cb="2"/><line nr="33" mi="0" ci="8" mb="0" cb="0"/><line nr="35" mi="0" ci="15" mb="0" cb="0"/><line nr="38" mi="0" ci="3" mb="0" cb="0"/><line nr="41" mi="0" ci="3" mb="0" cb="0"/><line nr="44" mi="0" ci="1" mb="0" cb="0"/><line nr="45" mi="0" ci="2" mb="0" cb="0"/><line nr="46" mi="0" ci="1" mb="0" cb="0"/><line nr="47" mi="0" ci="2" mb="0" cb="0"/><counter type="INSTRUCTION" missed="0" covered="125"/><counter type="BRANCH" missed="0" covered="12"/><counter type="LINE" missed="0" covered="23"/><counter type="COMPLEXITY" missed="0" covered="8"/><counter type="METHOD" missed="0" covered="2"/><counter type="CLASS" missed="0" covered="1"/></sourcefile><sourcefile name="SearchTable.java"><line nr="5" mi="0" ci="3" mb="0" cb="0"/><line nr="9" mi="0" ci="3" mb="0" cb="0"/><line nr="10" mi="0" ci="5" mb="0" cb="0"/><line nr="12" mi="0" ci="4" mb="0" cb="0"/><line nr="13" mi="0" ci="4" mb="0" cb="0"/><line nr="15" mi="0" ci="4" mb="0" cb="0"/><line nr="17" mi="0" ci="7" mb="0" cb="2"/><line nr="18" mi="0" ci="7" mb="0" cb="2"/><line nr="20" mi="0" ci="8" mb="0" cb="2"/><line nr="21" mi="0" ci="7" mb="0" cb="0"/><line nr="23" mi="0" ci="13" mb="0" cb="0"/><line nr="25" mi="0" ci="1" mb="0" cb="0"/><line nr="26" mi="0" ci="6" mb="0" cb="0"/><line nr="27" mi="0" ci="1" mb="0" cb="0"/><line nr="31" mi="0" ci="7" mb="0" cb="2"/><line nr="32" mi="0" ci="7" mb="0" cb="2"/><line nr="34" mi="0" ci="8" mb="0" cb="2"/><line nr="35" mi="0" ci="7" mb="0" cb="0"/><line nr="36" mi="0" ci="8" mb="0" cb="2"/><line nr="37" mi="0" ci="14" mb="0" cb="0"/><line nr="39" mi="0" ci="13" mb="0" cb="0"/><line nr="41" mi="0" ci="1" mb="0" cb="0"/><line nr="42" mi="0" ci="6" mb="0" cb="0"/><line nr="43" mi="0" ci="1" mb="0" cb="0"/><line nr="47" mi="0" ci="7" mb="0" cb="2"/><line nr="48" mi="0" ci="7" mb="0" cb="2"/><line nr="49" mi="0" ci="20" mb="0" cb="4"/><line nr="50" mi="0" ci="27" mb="0" cb="0"/><line nr="52" mi="0" ci="20" mb="0" cb="4"/><line nr="53" mi="0" ci="27" mb="0" cb="0"/><line nr="57" mi="0" ci="3" mb="0" cb="0"/><counter type="INSTRUCTION" missed="0" covered="256"/><counter type="BRANCH" missed="0" covered="26"/><counter type="LINE" missed="0" covered="31"/><counter type="COMPLEXITY" missed="0" covered="15"/><counter type="METHOD" missed="0" covered="2"/><counter type="CLASS" missed="0" covered="1"/></sourcefile><counter type="INSTRUCTION" missed="0" covered="858"/><counter type="BRANCH" missed="0" covered="74"/><counter type="LINE" missed="0" covered="138"/><counter type="COMPLEXITY" missed="0" covered="51"/><counter type="METHOD" missed="0" covered="14"/><counter type="CLASS" missed="0" covered="6"/></package><counter type="INSTRUCTION" missed="0" covered="858"/><counter type="BRANCH" missed="0" covered="74"/><counter type="LINE" missed="0" covered="138"/><counter type="COMPLEXITY" missed="0" covered="51"/><counter type="METHOD" missed="0" covered="14"/><counter type="CLASS" missed="0" covered="6"/></report>