GROUP,PACKAGE,CLASS,INSTRUCTION_MISSED,INSTRUCTION_COVERED,BRANCH_MISSED,BRANCH_COVERED,LINE_MISSED,LINE_COVERED,COMPLEXITY_MISSED,COMPLEXITY_COVERED,METHOD_MISSED,METHOD_COVERED
service,com.homework.four,SortTable,0,38,0,4,0,7,0,5,0,3
service,com.homework.four,CreateTable,0,164,0,10,0,29,0,8,0,3
service,com.homework.four,EditTable,0,167,0,8,0,22,0,6,0,2
service,com.homework.four,SearchTable,0,256,0,26,0,31,0,15,0,2
service,com.homework.four,ReadFile,0,108,0,14,0,26,0,9,0,2
service,com.homework.four,WriteFile,0,125,0,12,0,23,0,8,0,2
